<?xml version="1.0" encoding="UTF-8"?>
<!-- Generated by org.testng.reporters.JUnitXMLReporter -->
<testsuite ignored="10" hostname="DESKTOP-GLA0AO1" failures="1" tests="51" name="cross browser1" time="1232.463" errors="0" timestamp="2024-06-02T20:21:27 IST">
  <testcase classname="com.flexngate.erp.generic.basetest.BaseClass" name="@AfterClass configAC" time="21.919">
    <failure type="org.openqa.selenium.WebDriverException" message="Timed out waiting for driver server to stop.
Build info: version: &amp;apos;4.13.0&amp;apos;, revision: &amp;apos;ba948ece5b*&amp;apos;
System info: os.name: &amp;apos;Windows 10&amp;apos;, os.arch: &amp;apos;amd64&amp;apos;, os.version: &amp;apos;10.0&amp;apos;, java.version: &amp;apos;21.0.1&amp;apos;
Driver info: org.openqa.selenium.edge.EdgeDriver
Command: [20acc166c5ac3e40173a55611f2cda07, quit {}]
Capabilities {acceptInsecureCerts: false, browserName: MicrosoftEdge, browserVersion: 125.0.2535.79, fedcm:accounts: true, ms:edgeOptions: {debuggerAddress: localhost:57657}, msedge: {msedgedriverVersion: 125.0.2535.79 (7e3dd970e483..., userDataDir: C:\Users\Dell\AppData\Local...}, networkConnectionEnabled: false, pageLoadStrategy: normal, platformName: windows, proxy: Proxy(), se:cdp: ws://localhost:57657/devtoo..., se:cdpVersion: 125.0.2535.79, setWindowRect: true, strictFileInteractability: false, timeouts: {implicit: 0, pageLoad: 300000, script: 30000}, unhandledPromptBehavior: dismiss and notify, webauthn:extension:credBlob: true, webauthn:extension:largeBlob: true, webauthn:extension:minPinLength: true, webauthn:extension:prf: true, webauthn:virtualAuthenticators: true}
Session ID: 20acc166c5ac3e40173a55611f2cda07">
      <![CDATA[org.openqa.selenium.WebDriverException: Timed out waiting for driver server to stop.
Build info: version: '4.13.0', revision: 'ba948ece5b*'
System info: os.name: 'Windows 10', os.arch: 'amd64', os.version: '10.0', java.version: '21.0.1'
Driver info: org.openqa.selenium.edge.EdgeDriver
Command: [20acc166c5ac3e40173a55611f2cda07, quit {}]
Capabilities {acceptInsecureCerts: false, browserName: MicrosoftEdge, browserVersion: 125.0.2535.79, fedcm:accounts: true, ms:edgeOptions: {debuggerAddress: localhost:57657}, msedge: {msedgedriverVersion: 125.0.2535.79 (7e3dd970e483..., userDataDir: C:\Users\Dell\AppData\Local...}, networkConnectionEnabled: false, pageLoadStrategy: normal, platformName: windows, proxy: Proxy(), se:cdp: ws://localhost:57657/devtoo..., se:cdpVersion: 125.0.2535.79, setWindowRect: true, strictFileInteractability: false, timeouts: {implicit: 0, pageLoad: 300000, script: 30000}, unhandledPromptBehavior: dismiss and notify, webauthn:extension:credBlob: true, webauthn:extension:largeBlob: true, webauthn:extension:minPinLength: true, webauthn:extension:prf: true, webauthn:virtualAuthenticators: true}
Session ID: 20acc166c5ac3e40173a55611f2cda07
at org.openqa.selenium.remote.service.DriverCommandExecutor.execute(DriverCommandExecutor.java:161)
at org.openqa.selenium.remote.RemoteWebDriver.execute(RemoteWebDriver.java:602)
at org.openqa.selenium.remote.RemoteWebDriver.execute(RemoteWebDriver.java:675)
at org.openqa.selenium.remote.RemoteWebDriver.execute(RemoteWebDriver.java:679)
at org.openqa.selenium.remote.RemoteWebDriver.quit(RemoteWebDriver.java:437)
at org.openqa.selenium.chromium.ChromiumDriver.quit(ChromiumDriver.java:351)
at com.flexngate.erp.generic.basetest.BaseClass.configAC(BaseClass.java:103)
at java.base/java.util.ArrayList.forEach(ArrayList.java:1596)
at java.base/java.util.concurrent.FutureTask.run(FutureTask.java:317)
at java.base/java.util.concurrent.ThreadPoolExecutor.runWorker(ThreadPoolExecutor.java:1144)
at java.base/java.util.concurrent.ThreadPoolExecutor$Worker.run(ThreadPoolExecutor.java:642)
at java.base/java.lang.Thread.run(Thread.java:1583)
Caused by: java.util.concurrent.ExecutionException: org.openqa.selenium.TimeoutException: Process timed out after waiting for 20000 ms.
Build info: version: '4.13.0', revision: 'ba948ece5b*'
System info: os.name: 'Windows 10', os.arch: 'amd64', os.version: '10.0', java.version: '21.0.1'
Driver info: driver.version: unknown
at java.base/java.util.concurrent.CompletableFuture.reportGet(CompletableFuture.java:396)
at java.base/java.util.concurrent.CompletableFuture.get(CompletableFuture.java:2096)
at org.openqa.selenium.remote.service.DriverCommandExecutor.execute(DriverCommandExecutor.java:157)
... 25 more
Caused by: org.openqa.selenium.TimeoutException: Process timed out after waiting for 20000 ms.
Build info: version: '4.13.0', revision: 'ba948ece5b*'
System info: os.name: 'Windows 10', os.arch: 'amd64', os.version: '10.0', java.version: '21.0.1'
Driver info: driver.version: unknown
at org.openqa.selenium.os.OsProcess.waitFor(OsProcess.java:183)
at org.openqa.selenium.os.CommandLine.waitFor(CommandLine.java:117)
at org.openqa.selenium.remote.service.DriverCommandExecutor.lambda$execute$2(DriverCommandExecutor.java:148)
at java.base/java.util.concurrent.CompletableFuture$AsyncSupply.run(CompletableFuture.java:1768)
... 3 more
... Removed 14 stack frames]]>
    </failure>
  </testcase> <!-- @AfterClass configAC -->
  <testcase classname="com.flexngate.erp.generic.basetest.BaseClass" name="@AfterClass configAC" time="25.994">
    <failure type="org.openqa.selenium.WebDriverException" message="Timed out waiting for driver server to stop.
Build info: version: &amp;apos;4.13.0&amp;apos;, revision: &amp;apos;ba948ece5b*&amp;apos;
System info: os.name: &amp;apos;Windows 10&amp;apos;, os.arch: &amp;apos;amd64&amp;apos;, os.version: &amp;apos;10.0&amp;apos;, java.version: &amp;apos;21.0.1&amp;apos;
Driver info: org.openqa.selenium.edge.EdgeDriver
Command: [29b17face2ecd4cd2d31dbfd78e26962, quit {}]
Capabilities {acceptInsecureCerts: false, browserName: MicrosoftEdge, browserVersion: 125.0.2535.79, fedcm:accounts: true, ms:edgeOptions: {debuggerAddress: localhost:59761}, msedge: {msedgedriverVersion: 125.0.2535.79 (7e3dd970e483..., userDataDir: C:\Users\Dell\AppData\Local...}, networkConnectionEnabled: false, pageLoadStrategy: normal, platformName: windows, proxy: Proxy(), se:cdp: ws://localhost:59761/devtoo..., se:cdpVersion: 125.0.2535.79, setWindowRect: true, strictFileInteractability: false, timeouts: {implicit: 0, pageLoad: 300000, script: 30000}, unhandledPromptBehavior: dismiss and notify, webauthn:extension:credBlob: true, webauthn:extension:largeBlob: true, webauthn:extension:minPinLength: true, webauthn:extension:prf: true, webauthn:virtualAuthenticators: true}
Session ID: 29b17face2ecd4cd2d31dbfd78e26962">
      <![CDATA[org.openqa.selenium.WebDriverException: Timed out waiting for driver server to stop.
Build info: version: '4.13.0', revision: 'ba948ece5b*'
System info: os.name: 'Windows 10', os.arch: 'amd64', os.version: '10.0', java.version: '21.0.1'
Driver info: org.openqa.selenium.edge.EdgeDriver
Command: [29b17face2ecd4cd2d31dbfd78e26962, quit {}]
Capabilities {acceptInsecureCerts: false, browserName: MicrosoftEdge, browserVersion: 125.0.2535.79, fedcm:accounts: true, ms:edgeOptions: {debuggerAddress: localhost:59761}, msedge: {msedgedriverVersion: 125.0.2535.79 (7e3dd970e483..., userDataDir: C:\Users\Dell\AppData\Local...}, networkConnectionEnabled: false, pageLoadStrategy: normal, platformName: windows, proxy: Proxy(), se:cdp: ws://localhost:59761/devtoo..., se:cdpVersion: 125.0.2535.79, setWindowRect: true, strictFileInteractability: false, timeouts: {implicit: 0, pageLoad: 300000, script: 30000}, unhandledPromptBehavior: dismiss and notify, webauthn:extension:credBlob: true, webauthn:extension:largeBlob: true, webauthn:extension:minPinLength: true, webauthn:extension:prf: true, webauthn:virtualAuthenticators: true}
Session ID: 29b17face2ecd4cd2d31dbfd78e26962
at org.openqa.selenium.remote.service.DriverCommandExecutor.execute(DriverCommandExecutor.java:161)
at org.openqa.selenium.remote.RemoteWebDriver.execute(RemoteWebDriver.java:602)
at org.openqa.selenium.remote.RemoteWebDriver.execute(RemoteWebDriver.java:675)
at org.openqa.selenium.remote.RemoteWebDriver.execute(RemoteWebDriver.java:679)
at org.openqa.selenium.remote.RemoteWebDriver.quit(RemoteWebDriver.java:437)
at org.openqa.selenium.chromium.ChromiumDriver.quit(ChromiumDriver.java:351)
at com.flexngate.erp.generic.basetest.BaseClass.configAC(BaseClass.java:103)
at java.base/java.util.ArrayList.forEach(ArrayList.java:1596)
at java.base/java.util.concurrent.FutureTask.run(FutureTask.java:317)
at java.base/java.util.concurrent.ThreadPoolExecutor.runWorker(ThreadPoolExecutor.java:1144)
at java.base/java.util.concurrent.ThreadPoolExecutor$Worker.run(ThreadPoolExecutor.java:642)
at java.base/java.lang.Thread.run(Thread.java:1583)
Caused by: java.util.concurrent.ExecutionException: org.openqa.selenium.TimeoutException: Process timed out after waiting for 20000 ms.
Build info: version: '4.13.0', revision: 'ba948ece5b*'
System info: os.name: 'Windows 10', os.arch: 'amd64', os.version: '10.0', java.version: '21.0.1'
Driver info: driver.version: unknown
at java.base/java.util.concurrent.CompletableFuture.reportGet(CompletableFuture.java:396)
at java.base/java.util.concurrent.CompletableFuture.get(CompletableFuture.java:2096)
at org.openqa.selenium.remote.service.DriverCommandExecutor.execute(DriverCommandExecutor.java:157)
... 25 more
Caused by: org.openqa.selenium.TimeoutException: Process timed out after waiting for 20000 ms.
Build info: version: '4.13.0', revision: 'ba948ece5b*'
System info: os.name: 'Windows 10', os.arch: 'amd64', os.version: '10.0', java.version: '21.0.1'
Driver info: driver.version: unknown
at org.openqa.selenium.os.OsProcess.waitFor(OsProcess.java:183)
at org.openqa.selenium.os.CommandLine.waitFor(CommandLine.java:117)
at org.openqa.selenium.remote.service.DriverCommandExecutor.lambda$execute$2(DriverCommandExecutor.java:148)
at java.base/java.util.concurrent.CompletableFuture$AsyncSupply.run(CompletableFuture.java:1768)
... 3 more
... Removed 14 stack frames]]>
    </failure>
  </testcase> <!-- @AfterClass configAC -->
  <testcase classname="com.flexngate.erp.proposal.CreateNewProposalTest" name="createProposalWithSourceTest" time="38.707"/>
  <testcase classname="com.flexngate.erp.proposal.CreateNewProposalTest" name="createProposalWithSourceTest" time="30.661"/>
  <testcase classname="com.flexngate.erp.proposal.CreateNewProposalTest" name="createProposalWithSourceTest" time="18.229"/>
  <testcase classname="com.flexngate.erp.proposal.CreateNewProposalTest" name="createProposalWithSourceTest" time="28.426"/>
  <testcase classname="com.flexngate.erp.proposal.CreateNewProposalTest" name="createProposalWithSourceTest" time="24.075"/>
  <testcase classname="com.flexngate.erp.proposal.CreateNewProposalTest" name="createProposalWithSourceTest" time="31.815"/>
  <testcase classname="com.flexngate.erp.proposal.CreateNewProposalTest" name="createProposalWithSourceTest" time="29.592"/>
  <testcase classname="com.flexngate.erp.proposal.CreateNewProposalTest" name="createProposalWithSourceTest" time="21.998"/>
  <testcase classname="com.flexngate.erp.proposal.CreateNewProposalTest" name="createProposalWithSourceTest" time="35.332"/>
  <testcase classname="com.flexngate.erp.proposal.CreateNewProposalTest" name="createProposalWithSourceTest" time="32.033"/>
  <testcase classname="com.flexngate.erp.thirdparties.CreateNewThirdPartyTest" name="createThirdPartyTest" time="11.783">
    <failure type="org.testng.internal.reflect.MethodMatcherException" message="
[public void com.flexngate.erp.thirdparties.CreateNewThirdPartyTest.createThirdPartyTest(java.lang.String,java.lang.String,java.lang.String,java.lang.String,java.lang.String,java.lang.String) throws java.lang.InterruptedException] has no parameters defined but was found to be using a data provider (either explicitly specified or inherited from class level annotation).
Data provider mismatch
Method: createThirdPartyTest([java.lang.String arg0, java.lang.String arg1, java.lang.String arg2, java.lang.String arg3, java.lang.String arg4, java.lang.String arg5])
Arguments: [null,(java.lang.String) CreateNewThirdPartyAsProspectTest,(java.lang.String) GaganMS,(java.lang.String) Prospect,(java.lang.String) Open,(java.lang.String) Commercial contact,(java.lang.String) Service1,(java.lang.String) 15000,(java.lang.String) NA]">
      <![CDATA[org.testng.internal.reflect.MethodMatcherException: 
[public void com.flexngate.erp.thirdparties.CreateNewThirdPartyTest.createThirdPartyTest(java.lang.String,java.lang.String,java.lang.String,java.lang.String,java.lang.String,java.lang.String) throws java.lang.InterruptedException] has no parameters defined but was found to be using a data provider (either explicitly specified or inherited from class level annotation).
Data provider mismatch
Method: createThirdPartyTest([java.lang.String arg0, java.lang.String arg1, java.lang.String arg2, java.lang.String arg3, java.lang.String arg4, java.lang.String arg5])
Arguments: [null,(java.lang.String) CreateNewThirdPartyAsProspectTest,(java.lang.String) GaganMS,(java.lang.String) Prospect,(java.lang.String) Open,(java.lang.String) Commercial contact,(java.lang.String) Service1,(java.lang.String) 15000,(java.lang.String) NA]
at java.base/java.util.ArrayList.forEach(ArrayList.java:1596)
at java.base/java.util.concurrent.FutureTask.run(FutureTask.java:317)
at java.base/java.util.concurrent.ThreadPoolExecutor.runWorker(ThreadPoolExecutor.java:1144)
at java.base/java.util.concurrent.ThreadPoolExecutor$Worker.run(ThreadPoolExecutor.java:642)
at java.base/java.lang.Thread.run(Thread.java:1583)
... Removed 12 stack frames]]>
    </failure>
  </testcase> <!-- createThirdPartyTest -->
  <testcase classname="com.flexngate.erp.prospects.CreateNewProspectTest" name="createThirdPartyWithValidInputsTest" time="41.122"/>
  <testcase classname="com.flexngate.erp.prospects.CreateNewProspectTest" name="createThirdPartyWithValidInputsTest" time="12.538"/>
  <testcase classname="com.flexngate.erp.prospects.CreateNewProspectTest" name="createThirdPartyWithValidInputsTest" time="9.451"/>
  <testcase classname="com.flexngate.erp.prospects.CreateNewProspectTest" name="createThirdPartyWithValidInputsTest" time="17.669"/>
  <testcase classname="com.flexngate.erp.prospects.CreateNewProspectTest" name="createThirdPartyWithValidInputsTest" time="15.758"/>
  <testcase classname="com.flexngate.erp.prospects.CreateNewProspectTest" name="createThirdPartyWithValidInputsTest" time="15.622"/>
  <testcase classname="com.flexngate.erp.prospects.CreateNewProspectTest" name="createThirdPartyWithValidInputsTest" time="17.719"/>
  <testcase classname="com.flexngate.erp.prospects.CreateNewProspectTest" name="createThirdPartyWithValidInputsTest" time="17.086"/>
  <testcase classname="com.flexngate.erp.prospects.CreateNewProspectTest" name="createThirdPartyWithValidInputsTest" time="13.142"/>
  <testcase classname="com.flexngate.erp.prospects.CreateNewProspectTest" name="createThirdPartyWithValidInputsTest" time="7.811"/>
  <testcase classname="com.flexngate.erp.salesorder.CreateNewOrderTest" name="validateOrderTest" time="9.756"/>
  <testcase classname="com.flexngate.erp.salesorder.CreateNewOrderTest" name="validateOrderTest" time="10.138"/>
  <testcase classname="com.flexngate.erp.salesorder.CreateNewOrderTest" name="validateOrderTest" time="9.206"/>
  <testcase classname="com.flexngate.erp.salesorder.CreateNewOrderTest" name="validateOrderTest" time="8.527"/>
  <testcase classname="com.flexngate.erp.salesorder.CreateNewOrderTest" name="validateOrderTest" time="8.293"/>
  <testcase classname="com.flexngate.erp.salesorder.CreateNewOrderTest" name="validateOrderTest" time="6.976"/>
  <testcase classname="com.flexngate.erp.salesorder.CreateNewOrderTest" name="validateOrderTest" time="7.461"/>
  <testcase classname="com.flexngate.erp.salesorder.CreateNewOrderTest" name="validateOrderTest" time="7.51"/>
  <testcase classname="com.flexngate.erp.salesorder.CreateNewOrderTest" name="validateOrderTest" time="9.023"/>
  <testcase classname="com.flexngate.erp.salesorder.CreateNewOrderTest" name="validateOrderTest" time="7.068"/>
  <testcase classname="com.flexngate.erp.thirdparties.CreateThirdPartyWithAllDetailsTest" name="createThirdPartyWithValidInputsTest" time="10.595"/>
  <testcase classname="com.flexngate.erp.thirdparties.CreateThirdPartyWithAllDetailsTest" name="createThirdPartyWithValidInputsTest" time="8.027"/>
  <testcase classname="com.flexngate.erp.thirdparties.CreateThirdPartyWithAllDetailsTest" name="createThirdPartyWithValidInputsTest" time="7.365"/>
  <testcase classname="com.flexngate.erp.thirdparties.CreateThirdPartyWithAllDetailsTest" name="createThirdPartyWithValidInputsTest" time="7.075"/>
  <testcase classname="com.flexngate.erp.thirdparties.CreateThirdPartyWithAllDetailsTest" name="createThirdPartyWithValidInputsTest" time="7.874"/>
  <testcase classname="com.flexngate.erp.thirdparties.CreateThirdPartyWithAllDetailsTest" name="createThirdPartyWithValidInputsTest" time="8.127"/>
  <testcase classname="com.flexngate.erp.thirdparties.CreateThirdPartyWithAllDetailsTest" name="createThirdPartyWithValidInputsTest" time="7.797"/>
  <testcase classname="com.flexngate.erp.thirdparties.CreateThirdPartyWithAllDetailsTest" name="createThirdPartyWithValidInputsTest" time="7.615"/>
  <testcase classname="com.flexngate.erp.thirdparties.CreateThirdPartyWithAllDetailsTest" name="createThirdPartyWithValidInputsTest" time="7.419"/>
  <testcase classname="com.flexngate.erp.thirdparties.CreateThirdPartyWithAllDetailsTest" name="createThirdPartyWithValidInputsTest" time="7.385"/>
  <testcase classname="com.flexngate.erp.thirdparties.CreateNewCustomerTest" name="createNewThirdPartyAsCustomerTest" time="11.164"/>
  <testcase classname="com.flexngate.erp.thirdparties.CreateNewCustomerTest" name="createNewThirdPartyAsCustomerTest" time="9.235"/>
  <testcase classname="com.flexngate.erp.thirdparties.CreateNewCustomerTest" name="createNewThirdPartyAsCustomerTest" time="9.201"/>
  <testcase classname="com.flexngate.erp.thirdparties.CreateNewCustomerTest" name="createNewThirdPartyAsCustomerTest" time="8.737"/>
  <testcase classname="com.flexngate.erp.thirdparties.CreateNewCustomerTest" name="createNewThirdPartyAsCustomerTest" time="9.556"/>
  <testcase classname="com.flexngate.erp.thirdparties.CreateNewCustomerTest" name="createNewThirdPartyAsCustomerTest" time="9.649"/>
  <testcase classname="com.flexngate.erp.thirdparties.CreateNewCustomerTest" name="createNewThirdPartyAsCustomerTest" time="10.523"/>
  <testcase classname="com.flexngate.erp.thirdparties.CreateNewCustomerTest" name="createNewThirdPartyAsCustomerTest" time="8.679"/>
  <testcase classname="com.flexngate.erp.thirdparties.CreateNewCustomerTest" name="createNewThirdPartyAsCustomerTest" time="9.021"/>
  <testcase classname="com.flexngate.erp.thirdparties.CreateNewCustomerTest" name="createNewThirdPartyAsCustomerTest" time="8.861"/>
  <testcase classname="com.flexngate.erp.generic.basetest.BaseClass" name="@BeforeSuite configBS" time="0.0">
    <ignored/>
  </testcase> <!-- @BeforeSuite configBS -->
  <testcase classname="com.flexngate.erp.generic.basetest.BaseClass" name="@BeforeSuite configBS" time="0.0">
    <ignored/>
  </testcase> <!-- @BeforeSuite configBS -->
  <testcase classname="com.flexngate.erp.generic.basetest.BaseClass" name="@AfterSuite configAS" time="0.0">
    <ignored/>
  </testcase> <!-- @AfterSuite configAS -->
  <testcase classname="com.flexngate.erp.generic.basetest.BaseClass" name="@AfterSuite configAS" time="0.0">
    <ignored/>
  </testcase> <!-- @AfterSuite configAS -->
  <testcase classname="com.flexngate.erp.generic.basetest.BaseClass" name="@AfterSuite configAS" time="0.0">
    <ignored/>
  </testcase> <!-- @AfterSuite configAS -->
  <testcase classname="com.flexngate.erp.generic.basetest.BaseClass" name="@AfterSuite configAS" time="0.0">
    <ignored/>
  </testcase> <!-- @AfterSuite configAS -->
  <testcase classname="com.flexngate.erp.generic.basetest.BaseClass" name="@BeforeSuite configBS" time="0.0">
    <ignored/>
  </testcase> <!-- @BeforeSuite configBS -->
  <testcase classname="com.flexngate.erp.generic.basetest.BaseClass" name="@BeforeSuite configBS" time="0.0">
    <ignored/>
  </testcase> <!-- @BeforeSuite configBS -->
  <testcase classname="com.flexngate.erp.generic.basetest.BaseClass" name="@BeforeSuite configBS" time="0.0">
    <ignored/>
  </testcase> <!-- @BeforeSuite configBS -->
  <testcase classname="com.flexngate.erp.generic.basetest.BaseClass" name="@AfterSuite configAS" time="0.0">
    <ignored/>
  </testcase> <!-- @AfterSuite configAS -->
</testsuite> <!-- cross browser1 -->
