<?xml version="1.0" encoding="UTF-8"?>
<!-- Generated by org.testng.reporters.JUnitReportReporter -->
<testsuite hostname="DESKTOP-GLA0AO1" failures="0" tests="11" name="com.flexngate.erp.prospects.CreateNewProspectTest" time="-1717342720.000" errors="1" timestamp="2024-06-02T21:09:21 IST" skipped="10">
  <testcase classname="com.flexngate.erp.prospects.CreateNewProspectTest" name="createThirdPartyWithValidInputsTest" time="0.001">
    <skipped/>
  </testcase> <!-- createThirdPartyWithValidInputsTest -->
  <testcase classname="com.flexngate.erp.prospects.CreateNewProspectTest" name="createThirdPartyWithValidInputsTest" time="0.000">
    <skipped/>
  </testcase> <!-- createThirdPartyWithValidInputsTest -->
  <testcase classname="com.flexngate.erp.prospects.CreateNewProspectTest" name="createThirdPartyWithValidInputsTest" time="0.000">
    <skipped/>
  </testcase> <!-- createThirdPartyWithValidInputsTest -->
  <testcase classname="com.flexngate.erp.prospects.CreateNewProspectTest" name="createThirdPartyWithValidInputsTest" time="0.000">
    <skipped/>
  </testcase> <!-- createThirdPartyWithValidInputsTest -->
  <testcase classname="com.flexngate.erp.prospects.CreateNewProspectTest" name="createThirdPartyWithValidInputsTest" time="0.000">
    <skipped/>
  </testcase> <!-- createThirdPartyWithValidInputsTest -->
  <testcase classname="com.flexngate.erp.prospects.CreateNewProspectTest" name="createThirdPartyWithValidInputsTest" time="0.000">
    <skipped/>
  </testcase> <!-- createThirdPartyWithValidInputsTest -->
  <testcase classname="com.flexngate.erp.prospects.CreateNewProspectTest" name="createThirdPartyWithValidInputsTest" time="0.000">
    <skipped/>
  </testcase> <!-- createThirdPartyWithValidInputsTest -->
  <testcase classname="com.flexngate.erp.prospects.CreateNewProspectTest" name="createThirdPartyWithValidInputsTest" time="0.000">
    <skipped/>
  </testcase> <!-- createThirdPartyWithValidInputsTest -->
  <testcase classname="com.flexngate.erp.prospects.CreateNewProspectTest" name="configBC" time="-1717342720.000">
    <error message="
Parameter &#039;BROWSER&#039; is required by BeforeClass on method configBC but has not been marked @Optional or defined
in C:\Users\Dell\git\FlexNGateERPGUIFramework\FlexNGateERPGUIFramework\suite_distributed_parallel_test.xml" type="org.testng.TestNGException">
      <![CDATA[org.testng.TestNGException: 
Parameter 'BROWSER' is required by BeforeClass on method configBC but has not been marked @Optional or defined
in C:\Users\Dell\git\FlexNGateERPGUIFramework\FlexNGateERPGUIFramework\suite_distributed_parallel_test.xml
at org.testng.internal.Parameters.createParams(Parameters.java:267)
at org.testng.internal.Parameters.createParametersForMethod(Parameters.java:355)
at org.testng.internal.Parameters.createParameters(Parameters.java:693)
at org.testng.internal.Parameters.createConfigurationParameters(Parameters.java:166)
at org.testng.internal.invokers.ConfigInvoker.invokeConfigurations(ConfigInvoker.java:306)
at org.testng.internal.invokers.TestMethodWorker.invokeBeforeClassMethods(TestMethodWorker.java:180)
at org.testng.internal.invokers.TestMethodWorker.run(TestMethodWorker.java:122)
at java.base/java.util.ArrayList.forEach(ArrayList.java:1596)
at org.testng.TestRunner.privateRun(TestRunner.java:819)
at org.testng.TestRunner.run(TestRunner.java:619)
at org.testng.SuiteRunner.runTest(SuiteRunner.java:443)
at org.testng.SuiteRunner$SuiteWorker.run(SuiteRunner.java:481)
at org.testng.internal.thread.ThreadUtil.lambda$execute$0(ThreadUtil.java:58)
at java.base/java.util.concurrent.FutureTask.run(FutureTask.java:317)
at java.base/java.util.concurrent.ThreadPoolExecutor.runWorker(ThreadPoolExecutor.java:1144)
at java.base/java.util.concurrent.ThreadPoolExecutor$Worker.run(ThreadPoolExecutor.java:642)
at java.base/java.lang.Thread.run(Thread.java:1583)
]]>
    </error>
  </testcase> <!-- configBC -->
  <testcase classname="com.flexngate.erp.prospects.CreateNewProspectTest" name="createThirdPartyWithValidInputsTest" time="0.000">
    <skipped/>
  </testcase> <!-- createThirdPartyWithValidInputsTest -->
  <testcase classname="com.flexngate.erp.prospects.CreateNewProspectTest" name="createThirdPartyWithValidInputsTest" time="0.000">
    <skipped/>
  </testcase> <!-- createThirdPartyWithValidInputsTest -->
</testsuite> <!-- com.flexngate.erp.prospects.CreateNewProspectTest -->
